

Paula - Direito da Criança e do Adolescente

05/03/2021 20:40:51 - INFO - Video: Sistemas de proteçao x sistema da situação irregular. inserido
05/03/2021 20:40:54 - INFO - Video: Sistemas de proteçao x sistema da situação irregular II inserido


Thiago - Direito Processual Civil III

05/03/2021 20:41:05 - INFO - Video: Princípios 1 inserido
05/03/2021 20:41:09 - INFO - Video: Pressupostos recursais 2 inserido
05/03/2021 20:41:13 - INFO - Video: Pressupostos Recursais 3 inserido


Juliana Porto - Direito Processual Penal I

05/03/2021 20:41:23 - INFO - Video: Inquérito Policial inserido
05/03/2021 20:41:27 - INFO - Video: Inquérito Policial II inserido
05/03/2021 20:41:31 - INFO - Video: Inquérito Policial III inserido


Luís Claudio - Direito do Trabalho I

05/03/2021 20:41:46 - INFO - Video: Do empregador inserido
05/03/2021 20:41:52 - INFO - Video: Do empregador II inserido
05/03/2021 20:41:57 - INFO - Video: Do empregador III inserido
05/03/2021 20:42:04 - INFO - Video: Do empregador IV inserido
05/03/2021 20:42:10 - INFO - Video: Do empregador V inserido
05/03/2021 20:42:16 - INFO - Video: Do empregador VI inserido
05/03/2021 20:42:23 - INFO - Video: Do empregador VII inserido


Raquel - Direito Civil VI (Família)

05/03/2021 20:42:36 - INFO - Video: PLANO DE VALIDADE E EFICÁCIA DO CASAMENTO inserido
05/03/2021 20:42:40 - INFO - Video: PLANO DE VALIDADE E EFICÁCIA DO CASAMENTO II inserido
05/03/2021 20:42:45 - INFO - Video: PLANO DE VALIDADE E EFICÁCIA DO CASAMENTO III inserido


Wagno - Direito Processual Penal II

05/03/2021 20:42:56 - INFO - Video: Audiência de Instrução e Julgamento inserido
05/03/2021 20:43:00 - INFO - Video: Alegações Finais inserido
05/03/2021 20:43:04 - INFO - Video: Sentença – Noções Gerais inserido
05/03/2021 20:43:09 - INFO - Video: Sentença Absolutória inserido
05/03/2021 20:43:13 - INFO - Video: Sentença Condenatória inserido
05/03/2021 20:43:18 - INFO - Video: Sentença – Exercícios de Fixação inserido


Benigna - Direito Processual Civil IV

05/03/2021 20:43:29 - INFO - Video: Meios de Prova inserido
05/03/2021 20:43:33 - INFO - Video: Meios de Prova II inserido
05/03/2021 20:43:37 - INFO - Video: Meios de Prova III inserido
05/03/2021 20:43:42 - INFO - Video: Meios de Prova IV inserido


Fernanda - Direito do Trabalho II

05/03/2021 20:43:52 - INFO - Video: Estabilidade IV inserido
05/03/2021 20:43:56 - INFO - Video: Estabilidade Provisória V inserido
05/03/2021 20:44:00 - INFO - Video: Estabilidade Provisória VI inserido
05/03/2021 20:44:05 - INFO - Video: PA inserido


Daniel - Prática Jurídica I (Civil)

05/03/2021 20:44:15 - INFO - Video: Pesquisa Jurisprudencial inserido
05/03/2021 20:44:19 - INFO - Video: Pesquisa Jurisprudencial II inserido
05/03/2021 20:44:23 - INFO - Video: Pesquisa Jurisprudencial III inserido
05/03/2021 20:44:27 - INFO - Video: Pesquisa Jurisprudencial e Tutelas de Urgencia inserido


Jonas - Trabalho de Curso I

05/03/2021 20:44:39 - INFO - Video: Fase 03 - Referencial Teórico inserido
05/03/2021 20:44:44 - INFO - Video: Fase 03 - Referencial Teórico inserido
05/03/2021 20:44:49 - INFO - Video: Fase 03 - Referencial Teórico (Colcha de Retalhos) na prática inserido


Raquel - Direito Civil VII (Sucessões)

05/03/2021 20:44:59 - INFO - Video: INDIGNIDADE E DESERDAÇÃO inserido
05/03/2021 20:45:03 - INFO - Video: INDIGNIDADE E DESERDAÇÃO II inserido
05/03/2021 20:45:07 - INFO - Video: INDIGNIDADE E DESERDAÇÃO III inserido


Marco Aurélio - Direito Processual do Trabalho

05/03/2021 20:45:18 - INFO - Video: Fundamentos (Princípios) inserido
05/03/2021 20:45:22 - INFO - Video: Fundamentos (Princípios) II inserido
05/03/2021 20:45:27 - INFO - Video: Organização da Justiça do Trabalho inserido


Maria Christina - Direito Tributário I

05/03/2021 20:45:33 - WARNING - Maria Christina - Direito Tributário I - VIDEO 1 sem tema
05/03/2021 20:45:36 - INFO - Video: VIDEO 1 inserido
05/03/2021 20:45:36 - WARNING - Maria Christina - Direito Tributário I - VIDEO 2 sem tema
05/03/2021 20:45:39 - INFO - Video: VIDEO 2 inserido
05/03/2021 20:45:39 - WARNING - Maria Christina - Direito Tributário I - VIDEO 3 sem tema
05/03/2021 20:45:43 - INFO - Video: VIDEO 3 inserido


Fernanda - Direito do Trabalho III

05/03/2021 20:45:53 - INFO - Video: Introdução ao Direito Coletivo do Trabalho inserido
05/03/2021 20:45:57 - INFO - Video: Princípios do Direito Coletivo do Trabalho inserido
05/03/2021 20:46:01 - INFO - Video: Princípios do Direito Coletivo do Trabalho II inserido
05/03/2021 20:46:05 - INFO - Video: PA inserido


Jonas - Trabalho de Curso II

05/03/2021 20:46:15 - INFO - Video: Fase 03 - Referencial Teórico inserido
05/03/2021 20:46:19 - INFO - Video: Fase 03 - Referencial Teórico II inserido
05/03/2021 20:46:23 - INFO - Video: Fase 03 - Referencial Teórico (Colcha de Retalhos) na prática inserido


Maria Christina - Direito Tributário II

05/03/2021 20:46:30 - WARNING - Maria Christina - Direito Tributário II - VIDEO 1 sem tema
05/03/2021 20:46:34 - INFO - Video: VIDEO 1 inserido
05/03/2021 20:46:34 - WARNING - Maria Christina - Direito Tributário II - VIDEO 2 sem tema
05/03/2021 20:46:37 - INFO - Video: VIDEO 2 inserido
05/03/2021 20:46:37 - WARNING - Maria Christina - Direito Tributário II - VIDEO 3 sem tema
05/03/2021 20:46:41 - INFO - Video: VIDEO 3 inserido


Arthur - Direito Ambiental

05/03/2021 20:46:49 - INFO - Video: Arcabouço Legal - Parte Elementos Internacionais inserido
05/03/2021 20:46:52 - INFO - Video: Arcabouço Legal - Parte Elementos Internacionais II inserido


Luiza - Direito Internacional

05/03/2021 20:47:03 - INFO - Video: Fontes do D. Internacional inserido
05/03/2021 20:47:07 - INFO - Video: Fontes do D. Internacional II inserido
05/03/2021 20:47:11 - INFO - Video: Fontes do D. Internacional III inserido


Noêmia - Direito Processual Constitucional

05/03/2021 20:47:19 - INFO - Video:  AULA DE RESOLUÇÃO DE QUESTÕES DIREITOS FUNDAMENTAIS E PARADIGMAS CONSTITUCIONAIS inserido


Sérgio - Ética Geral e Profissional

05/03/2021 20:47:28 - INFO - Video: correção de questões de concurso da OAB 01-02 inserido
05/03/2021 20:47:31 - INFO - Video: correção de questões de concurso da OAB 02-02 inserido


Fernanda - Direito do Consumidor

05/03/2021 20:47:43 - INFO - Video: Política Nacional das Relações de Consumo inserido
05/03/2021 20:47:43 - WARNING - Fernanda - Direito do Consumidor - VIDEO 2 sem tema
05/03/2021 20:47:47 - INFO - Video: VIDEO 2 inserido
05/03/2021 20:47:52 - INFO - Video: Relação Jurídica de Consumo 1 inserido
05/03/2021 20:47:56 - INFO - Video: Relação Jurídica de Consumo 2 inserido
05/03/2021 20:48:01 - INFO - Video: Relação Jurídica de Consumo 3 inserido
05/03/2021 20:48:01 - WARNING - Fernanda - Direito do Consumidor - VIDEO 6 sem tema
05/03/2021 20:48:06 - INFO - Video: VIDEO 6 inserido
05/03/2021 20:48:11 - INFO - Video: PA inserido


Camila - Métodos Consensuais de Solução dos Conflitos

05/03/2021 20:48:18 - WARNING - Camila - Métodos Consensuais de Solução dos Conflitos - VIDEO 1 sem tema
05/03/2021 20:48:22 - INFO - Video: VIDEO 1 inserido
05/03/2021 20:48:22 - WARNING - Camila - Métodos Consensuais de Solução dos Conflitos - VIDEO 2 sem tema
05/03/2021 20:48:25 - INFO - Video: VIDEO 2 inserido
05/03/2021 20:48:25 - WARNING - Camila - Métodos Consensuais de Solução dos Conflitos - VIDEO 3 sem tema
05/03/2021 20:48:29 - INFO - Video: VIDEO 3 inserido


João Aragão - Direito Eleitoral e Partidário

05/03/2021 20:48:37 - INFO - Video: Direito eleitoral e partidário inserido
05/03/2021 20:48:37 - WARNING - João Aragão - Direito Eleitoral e Partidário - VIDEO 2 sem tema
05/03/2021 20:48:40 - INFO - Video: VIDEO 2 inserido


Sirlei - Direito Cibernético

05/03/2021 20:48:45 - WARNING - Sirlei - Direito Cibernético - VIDEO 1 sem tema
05/03/2021 20:48:47 - INFO - Video: VIDEO 1 inserido


Viviane - Língua Brasileira dos Sinais - LIBRAS

05/03/2021 20:48:54 - INFO - Video: Frases inserido


Eugênio - Direito Notarial e Registral

05/03/2021 20:48:54 - WARNING - Videos indisponiveis !


Veras - Direito Previdenciário

05/03/2021 20:49:04 - INFO - Video: Segurados Obrigatórios - segurado contribuinte individual inserido
05/03/2021 20:49:08 - INFO - Video: Segurados Obrigatórios - segurado especial inserido
05/03/2021 20:49:12 - INFO - Video: Segurados Facultativos inserido


Olivia - Prática Jurídica II (Penal)

05/03/2021 20:49:25 - INFO - Video: Procuração e substabelecimento inserido
05/03/2021 20:49:29 - INFO - Video: Estrutura básica de petição inserido
05/03/2021 20:49:33 - INFO - Video: Dicas para redigir uma boa petição inserido
05/03/2021 20:49:38 - INFO - Video: Liberdade Provisória inserido


Olivia - Prática Jurídica II (Trabalho)

05/03/2021 20:49:48 - INFO - Video: Procuração e substabelecimento inserido
05/03/2021 20:49:53 - INFO - Video: Estrutura básica de petição inserido
05/03/2021 20:49:57 - INFO - Video: Dicas para redigir uma boa petição inserido
05/03/2021 20:50:01 - INFO - Video: Reclamação Trabalhista inserido


Veras - Prática Jurídica III (Trabalho)

05/03/2021 20:50:11 - INFO - Video: Defesa - exceções inserido
05/03/2021 20:50:15 - INFO - Video: Defesa - contestação (primeira parte) inserido
05/03/2021 20:50:19 - INFO - Video: Defesa - contestação (segunda parte) inserido


Maria Christina - Prática Jurídica III (Tributário)

05/03/2021 20:50:26 - WARNING - Maria Christina - Prática Jurídica III (Tributário) - VIDEO 1 sem tema
05/03/2021 20:50:29 - INFO - Video: VIDEO 1 inserido
05/03/2021 20:50:29 - WARNING - Maria Christina - Prática Jurídica III (Tributário) - VIDEO 2 sem tema
05/03/2021 20:50:32 - INFO - Video: VIDEO 2 inserido
05/03/2021 20:50:32 - WARNING - Maria Christina - Prática Jurídica III (Tributário) - VIDEO 3 sem tema
05/03/2021 20:50:36 - INFO - Video: VIDEO 3 inserido
05/03/2021 20:50:36 - WARNING - Maria Christina - Prática Jurídica III (Tributário) - VIDEO 4 sem tema
05/03/2021 20:50:40 - INFO - Video: VIDEO 4 inserido


Arthur - Prática Jurídica III (Civil)

05/03/2021 20:50:48 - INFO - Video: Autos findos inserido


Maria Christina - Prática Jurídica IV (Tributário)

05/03/2021 20:50:54 - WARNING - Maria Christina - Prática Jurídica IV (Tributário) - VIDEO 1 sem tema
05/03/2021 20:50:58 - INFO - Video: VIDEO 1 inserido
05/03/2021 20:50:58 - WARNING - Maria Christina - Prática Jurídica IV (Tributário) - VIDEO 2 sem tema
05/03/2021 20:51:02 - INFO - Video: VIDEO 2 inserido
05/03/2021 20:51:02 - WARNING - Maria Christina - Prática Jurídica IV (Tributário) - VIDEO 3 sem tema
05/03/2021 20:51:06 - INFO - Video: VIDEO 3 inserido


Veras - Prática Jurídica IV (Trabalho)

05/03/2021 20:51:16 - INFO - Video: Defesa - exceções inserido
05/03/2021 20:51:19 - INFO - Video: Defesa - contestação (primeira parte) inserido
05/03/2021 20:51:23 - INFO - Video: Defesa - contestação (segunda parte) inserido


Olivia - Prática Jurídica IV (Penal)

05/03/2021 20:51:34 - INFO - Video: Procuração e substabelecimento inserido
05/03/2021 20:51:37 - INFO - Video: Estrutura básica de petição inserido
05/03/2021 20:51:41 - INFO - Video: Dicas para redigir uma boa petição inserido
05/03/2021 20:51:45 - INFO - Video: Recurso Especial inserido


Ana Carolina - Prática Jurídica IV (Civil)

05/03/2021 20:51:52 - WARNING - Ana Carolina - Prática Jurídica IV (Civil) - VIDEO 1 sem tema
05/03/2021 20:51:56 - INFO - Video: VIDEO 1 inserido
05/03/2021 20:51:56 - WARNING - Ana Carolina - Prática Jurídica IV (Civil) - VIDEO 2 sem tema
05/03/2021 20:52:03 - INFO - Video: VIDEO 2 inserido
05/03/2021 20:52:03 - WARNING - Ana Carolina - Prática Jurídica IV (Civil) - VIDEO 3 sem tema
05/03/2021 20:52:06 - INFO - Video: VIDEO 3 inserido


Paula - Direito da Criança e do Adolescente

