04/03/2021 22:47:14 - INFO - Código de conteudo 766 encontrado
04/03/2021 22:47:16 - INFO - A pasta logs já existe
04/03/2021 22:47:16 - INFO - Psata SEMANA 03 criada
04/03/2021 22:51:37 - INFO - Código de conteudo 766 encontrado
04/03/2021 22:51:40 - INFO - A pasta logs já existe
04/03/2021 22:51:40 - INFO - Psata SEMANA 3 criada
04/03/2021 22:53:25 - INFO - Código de conteudo 766 encontrado
04/03/2021 22:53:26 - INFO - A pasta logs já existe
04/03/2021 22:53:26 - INFO - Pasta SEMANA 3 criada
04/03/2021 22:56:28 - INFO - Código de conteudo 6 encontrado
04/03/2021 23:02:33 - INFO - Disciplina Direito da Criança e do Adolescente encontrada
04/03/2021 23:03:35 - INFO - Disciplina Direito da Criança e do Adolescente encontrada
04/03/2021 23:03:38 - INFO - A pasta logs já existe
04/03/2021 23:03:38 - INFO - A pasta SEMANA 3 já existe
05/03/2021 15:31:04 - INFO - A pasta logs já existe
05/03/2021 15:31:04 - INFO - Pasta SEMANA 3 criada
05/03/2021 15:41:15 - INFO - A pasta logs já existe
05/03/2021 15:41:15 - INFO - Pasta SEMANA 3 criada
05/03/2021 15:49:11 - INFO - Disciplina Direito da Criança e do Adolescente encontrada
05/03/2021 15:49:22 - INFO - A pasta logs já existe
05/03/2021 15:49:22 - INFO - Pasta SEMANA 3 criada
05/03/2021 15:50:01 - INFO - Disciplina Direito da Criança e do Adolescente encontrada
05/03/2021 15:50:04 - INFO - A pasta logs já existe
05/03/2021 15:50:04 - INFO - Pasta SEMANA 5 criada
05/03/2021 15:51:55 - INFO - A pasta logs já existe
05/03/2021 15:51:55 - INFO - A pasta SEMANA 5 já existe
05/03/2021 15:53:00 - INFO - A pasta logs já existe
05/03/2021 15:53:00 - INFO - A pasta SEMANA 5 já existe
05/03/2021 15:58:40 - INFO - A pasta logs já existe
05/03/2021 15:58:40 - INFO - Pasta SEMANA 5 criada
05/03/2021 16:11:05 - INFO - Disciplina Direito da Criança e do Adolescente encontrada
05/03/2021 16:11:06 - INFO - A pasta logs já existe
05/03/2021 16:11:06 - INFO - A pasta SEMANA 5 já existe
05/03/2021 16:14:46 - INFO - Disciplina Direito da Criança e do Adolescente encontrada
05/03/2021 16:34:39 - INFO - Disciplina Direito da Criança e do Adolescente encontrada
05/03/2021 16:34:45 - INFO - A pasta logs já existe
05/03/2021 16:34:45 - INFO - Pasta SEMANA 5 criada
05/03/2021 16:35:42 - INFO - Disciplina Direito da Criança e do Adolescente encontrada
05/03/2021 16:35:43 - INFO - A pasta logs já existe
05/03/2021 16:35:43 - INFO - A pasta SEMANA 5 já existe
05/03/2021 16:47:34 - INFO - Disciplina Direito da Criança e do Adolescente encontrada
05/03/2021 16:48:01 - INFO - Disciplina Direito da Criança e do Adolescente encontrada
05/03/2021 16:49:03 - INFO - A pasta logs já existe
05/03/2021 16:49:03 - INFO - Pasta SEMANA 5 criada
05/03/2021 18:59:24 - INFO - A pasta logs já existe
05/03/2021 18:59:24 - INFO - Pasta SEMANA 5 criada
05/03/2021 18:59:46 - WARNING - Código de conteudo 6547 não encontrado
05/03/2021 18:59:47 - WARNING - Código de conteudo 45 não encontrado
05/03/2021 18:59:49 - WARNING - Código de conteudo 658 não encontrado
05/03/2021 18:59:50 - WARNING - Código de conteudo 6 não encontrado
05/03/2021 18:59:52 - INFO - Disciplina Direito da Criança e do Adolescente encontrada
05/03/2021 19:00:07 - INFO - A pasta logs já existe
05/03/2021 19:00:07 - INFO - A pasta SEMANA 5 já existe
05/03/2021 19:01:56 - WARNING - Código de conteudo 654 não encontrado
05/03/2021 19:01:58 - INFO - Disciplina Direito da Criança e do Adolescente encontrada
05/03/2021 19:02:32 - INFO - Disciplina Direito da Criança e do Adolescente encontrada
09/03/2021 15:56:50 - INFO - Disciplina Direito da Criança e do Adolescente encontrada
09/03/2021 15:56:56 - INFO - Disciplina Direito da Criança e do Adolescente encontrada
09/03/2021 15:56:57 - INFO - A pasta logs já existe
09/03/2021 15:56:57 - INFO - Pasta SEMANA 4 criada
09/03/2021 16:23:28 - INFO - Disciplina Direito da Criança e do Adolescente encontrada
09/03/2021 16:23:30 - INFO - A pasta logs já existe
09/03/2021 16:23:30 - INFO - A pasta SEMANA 4 já existe
09/03/2021 16:43:03 - INFO - Disciplina Direito da Criança e do Adolescente encontrada
09/03/2021 16:43:04 - INFO - A pasta logs já existe
09/03/2021 16:43:04 - INFO - Pasta SEMANA 4 criada
09/03/2021 16:50:00 - INFO - Disciplina Direito da Criança e do Adolescente encontrada
09/03/2021 16:50:02 - INFO - A pasta logs já existe
09/03/2021 16:50:02 - INFO - A pasta SEMANA 4 já existe
10/03/2021 16:52:46 - INFO - Disciplina Direito da Criança e do Adolescente encontrada
10/03/2021 16:52:49 - INFO - A pasta logs já existe
10/03/2021 16:52:49 - INFO - A pasta SEMANA 4 já existe
10/03/2021 16:53:50 - INFO - Disciplina Direito da Criança e do Adolescente encontrada
10/03/2021 16:53:51 - INFO - A pasta logs já existe
10/03/2021 16:53:51 - INFO - A pasta SEMANA 4 já existe
10/03/2021 19:09:45 - INFO - Disciplina Direito da Criança e do Adolescente encontrada
10/03/2021 19:09:46 - INFO - A pasta logs já existe
10/03/2021 19:09:46 - INFO - A pasta SEMANA 4 já existe
10/03/2021 19:19:52 - INFO - Disciplina Direito da Criança e do Adolescente encontrada
10/03/2021 19:19:53 - INFO - A pasta logs já existe
10/03/2021 19:19:53 - INFO - A pasta SEMANA 4 já existe
11/03/2021 15:33:43 - INFO - Disciplina Direito da Criança e do Adolescente encontrada
11/03/2021 15:33:45 - INFO - A pasta logs já existe
11/03/2021 15:33:45 - INFO - Pasta SEMANA 4 criada
11/03/2021 15:35:13 - INFO - Disciplina Direito da Criança e do Adolescente encontrada
11/03/2021 15:35:14 - INFO - A pasta logs já existe
11/03/2021 15:35:14 - INFO - A pasta SEMANA 4 já existe
11/03/2021 15:37:23 - INFO - Disciplina Direito da Criança e do Adolescente encontrada
11/03/2021 15:37:24 - INFO - A pasta logs já existe
11/03/2021 15:37:24 - INFO - A pasta SEMANA 4 já existe
11/03/2021 15:40:50 - INFO - Disciplina Direito da Criança e do Adolescente encontrada
11/03/2021 15:40:51 - INFO - A pasta logs já existe
11/03/2021 15:40:51 - INFO - A pasta SEMANA 4 já existe
11/03/2021 15:42:50 - INFO - Disciplina Direito da Criança e do Adolescente encontrada
11/03/2021 15:42:50 - INFO - A pasta logs já existe
11/03/2021 15:42:50 - INFO - Pasta SEMANA 4 criada
11/03/2021 15:54:30 - INFO - Disciplina Finanças Corporativas encontrada
11/03/2021 15:54:40 - INFO - A pasta logs já existe
11/03/2021 15:54:40 - INFO - Pasta SEMANA 03 criada
11/03/2021 16:03:06 - INFO - Disciplina Direito da Criança e do Adolescente encontrada
11/03/2021 16:03:08 - INFO - A pasta logs já existe
11/03/2021 16:03:08 - INFO - A pasta SEMANA 03 já existe
11/03/2021 16:19:52 - INFO - A pasta logs já existe
11/03/2021 16:19:52 - INFO - Pasta SEMANA 5 criada
11/03/2021 16:24:21 - INFO - A pasta logs já existe
11/03/2021 16:24:21 - INFO - Pasta SEMANA 5 criada
11/03/2021 16:28:28 - INFO - A pasta logs já existe
11/03/2021 16:28:29 - INFO - Pasta SEMANA 5 criada
