03/03/2021 17:34:25 - WARNING - Disciplina 54645 não encontrada
03/03/2021 17:34:30 - WARNING - Disciplina 684 não encontrada
03/03/2021 17:34:48 - WARNING - Disciplina 564 não encontrada
03/03/2021 17:34:49 - WARNING - Disciplina 54 não encontrada
03/03/2021 17:34:50 - WARNING - Disciplina 7 não encontrada
03/03/2021 17:34:51 - WARNING - Disciplina 546 não encontrada
03/03/2021 17:35:16 - WARNING - Disciplina 56456 não encontrada
03/03/2021 17:35:18 - WARNING - Disciplina 5487 não encontrada
03/03/2021 17:35:19 - WARNING - Disciplina 654 não encontrada
03/03/2021 17:35:25 - WARNING - Disciplina 6 não encontrada
03/03/2021 17:41:10 - INFO - Usando pasta existente
03/03/2021 17:41:10 - INFO - Usando pasta existente
03/03/2021 17:41:46 - INFO - Usando pasta existente
03/03/2021 17:41:46 - INFO - Usando pasta existente
03/03/2021 17:43:21 - INFO - A pasta logs já existe
03/03/2021 17:43:21 - INFO - A pasta SEMANA 2 já existe
03/03/2021 17:46:17 - INFO - A pasta logs já existe
03/03/2021 17:46:17 - INFO - A pasta SEMANA 2 já existe
03/03/2021 17:46:41 - WARNING - Código de conteudo 354 não encontrado
03/03/2021 17:46:42 - WARNING - Código de conteudo 54548 não encontrado
03/03/2021 17:46:43 - WARNING - Código de conteudo 65454 não encontrado
03/03/2021 17:46:44 - WARNING - Código de conteudo 21 não encontrado
03/03/2021 17:46:46 - INFO - Código de conteudo 766 encontrado
