João Aragão - Direito Eleitoral e Partidário

02/03/2021 16:01:44 - INFO - Video: Conceitos de Direito Eleitoral inserido
02/03/2021 16:01:47 - INFO - Video: Princípios Direito Eleitoral inserido


Viviane - Língua Brasileira dos Sinais - LIBRAS

02/03/2021 16:11:11 - WARNING - Videos indisponiveis !


Eugênio - Direito Notarial e Registral

02/03/2021 16:11:11 - WARNING - Videos indisponiveis !


Paula - Direito da Criança e do Adolescente

02/03/2021 16:15:47 - INFO - SEMANA 2 já inserida !


Thiago - Direito Processual Civil III

02/03/2021 16:15:52 - INFO - SEMANA 2 já inserida !


Juliana Porto - Direito Processual Penal I

02/03/2021 16:15:57 - INFO - SEMANA 2 já inserida !


Luís Claudio - Direito do Trabalho I

02/03/2021 16:16:03 - INFO - SEMANA 2 já inserida !


Raquel - Direito Civil VI (Família)

02/03/2021 16:16:09 - INFO - SEMANA 2 já inserida !


Wagno - Direito Processual Penal II

02/03/2021 16:16:13 - INFO - SEMANA 2 já inserida !


Benigna - Direito Processual Civil IV

02/03/2021 16:16:19 - INFO - SEMANA 2 já inserida !


Fernanda - Direito do Trabalho II

02/03/2021 16:16:23 - INFO - SEMANA 2 já inserida !


Daniel - Prática Jurídica I (Civil)

02/03/2021 16:16:29 - INFO - SEMANA 2 já inserida !


Jonas - Trabalho de Curso I

02/03/2021 16:16:34 - INFO - SEMANA 2 já inserida !


Raquel - Direito Civil VII (Sucessões)

02/03/2021 16:16:39 - INFO - SEMANA 2 já inserida !


Marco Aurélio - Direito Processual do Trabalho

02/03/2021 16:16:47 - INFO - SEMANA 2 já inserida !


Maria Christina - Direito Tributário I

02/03/2021 16:16:52 - INFO - SEMANA 2 já inserida !


Fernanda - Direito do Trabalho III

02/03/2021 16:16:59 - INFO - SEMANA 2 já inserida !


Jonas - Trabalho de Curso II

02/03/2021 16:17:09 - INFO - SEMANA 2 já inserida !


Maria Christina - Direito Tributário II

02/03/2021 16:17:17 - INFO - SEMANA 2 já inserida !


Arthur - Direito Ambiental

02/03/2021 16:17:22 - INFO - SEMANA 2 já inserida !


Luiza - Direito Internacional

02/03/2021 16:17:28 - INFO - SEMANA 2 já inserida !


Noêmia - Direito Processual Constitucional

02/03/2021 16:17:32 - INFO - SEMANA 2 já inserida !


Sérgio - Ética Geral e Profissional

02/03/2021 16:17:37 - INFO - SEMANA 2 já inserida !


Fernanda - Direito do Consumidor

02/03/2021 16:17:44 - INFO - SEMANA 2 já inserida !


Camila - Métodos Consensuais de Solução dos Conflitos

02/03/2021 16:17:50 - INFO - SEMANA 2 já inserida !


João Aragão - Direito Eleitoral e Partidário

02/03/2021 16:17:56 - INFO - SEMANA 2 já inserida !


Sirlei - Direito Cibernético

02/03/2021 16:18:01 - INFO - SEMANA 2 já inserida !


Viviane - Língua Brasileira dos Sinais - LIBRAS

02/03/2021 16:18:05 - WARNING - Videos indisponiveis !


Eugênio - Direito Notarial e Registral

02/03/2021 16:18:10 - WARNING - Videos indisponiveis !


Veras - Direito Previdenciário

02/03/2021 16:18:15 - INFO - SEMANA 2 já inserida !


Olivia - Prática Jurídica II (Penal)

02/03/2021 16:18:21 - INFO - SEMANA 2 já inserida !


Olivia - Prática Jurídica II (Trabalho)

02/03/2021 16:18:26 - INFO - SEMANA 2 já inserida !


Veras - Prática Jurídica III (Trabalho)

02/03/2021 16:18:32 - INFO - SEMANA 2 já inserida !


Maria Christina - Prática Jurídica III (Tributário)

02/03/2021 16:18:37 - INFO - SEMANA 2 já inserida !


Arthur - Prática Jurídica III (Civil)

02/03/2021 16:18:40 - INFO - SEMANA 2 já inserida !


Maria Christina - Prática Jurídica IV (Tributário)

02/03/2021 16:18:46 - INFO - SEMANA 2 já inserida !


Veras - Prática Jurídica IV (Trabalho)

02/03/2021 16:18:51 - INFO - SEMANA 2 já inserida !


Olivia - Prática Jurídica IV (Penal)

02/03/2021 16:18:57 - INFO - SEMANA 2 já inserida !


Ana Carolina - Prática Jurídica IV (Civil)

02/03/2021 16:19:03 - INFO - SEMANA 2 já inserida !


Odair José - Filosofia Geral e Jurídica

02/03/2021 17:48:41 - INFO - Video: Surgimento da Filosofia, Diferenças Entre Filosofia Geral e Filosofia Jurídica inserido
02/03/2021 17:48:44 - INFO - Video: Categorias do Pensamento Filosófico inserido
02/03/2021 17:48:48 - INFO - Video: Filosofia Clássica, os pensamentos se Sócrates e dos Sofistas inserido
02/03/2021 17:48:52 - INFO - Video: Filosofia Clássica, o pensamento de Platão inserido
02/03/2021 17:48:55 - INFO - Video: Resolução de Exercícios inserido


Viviane - Língua Brasileira dos Sinais - LIBRAS

02/03/2021 19:14:53 - INFO - Video: revisão da aula 01 e saudações inserido


Paula - Direito da Criança e do Adolescente

03/03/2021 10:45:07 - INFO - SEMANA 2 já inserida !


Thiago - Direito Processual Civil III

03/03/2021 10:45:11 - INFO - SEMANA 2 já inserida !


Juliana Porto - Direito Processual Penal I

03/03/2021 10:45:15 - INFO - SEMANA 2 já inserida !


Luís Claudio - Direito do Trabalho I

03/03/2021 10:45:21 - INFO - SEMANA 2 já inserida !


Raquel - Direito Civil VI (Família)

03/03/2021 10:45:25 - INFO - SEMANA 2 já inserida !


Wagno - Direito Processual Penal II

03/03/2021 10:45:29 - INFO - SEMANA 2 já inserida !


Benigna - Direito Processual Civil IV

03/03/2021 10:45:36 - INFO - SEMANA 2 já inserida !


Fernanda - Direito do Trabalho II

03/03/2021 10:45:40 - INFO - SEMANA 2 já inserida !


Daniel - Prática Jurídica I (Civil)

03/03/2021 10:45:44 - INFO - SEMANA 2 já inserida !


Jonas - Trabalho de Curso I

03/03/2021 10:45:48 - INFO - SEMANA 2 já inserida !


Raquel - Direito Civil VII (Sucessões)

03/03/2021 10:45:53 - INFO - SEMANA 2 já inserida !


Marco Aurélio - Direito Processual do Trabalho

03/03/2021 10:45:57 - INFO - SEMANA 2 já inserida !


Maria Christina - Direito Tributário I

03/03/2021 10:46:01 - INFO - SEMANA 2 já inserida !


Fernanda - Direito do Trabalho III

03/03/2021 10:46:05 - INFO - SEMANA 2 já inserida !


Jonas - Trabalho de Curso II

03/03/2021 10:46:09 - INFO - SEMANA 2 já inserida !


Maria Christina - Direito Tributário II

03/03/2021 10:46:13 - INFO - SEMANA 2 já inserida !


Arthur - Direito Ambiental

03/03/2021 10:46:17 - INFO - SEMANA 2 já inserida !


Luiza - Direito Internacional

03/03/2021 10:46:21 - INFO - SEMANA 2 já inserida !


Noêmia - Direito Processual Constitucional

03/03/2021 10:46:25 - INFO - SEMANA 2 já inserida !


Sérgio - Ética Geral e Profissional

03/03/2021 10:46:30 - INFO - SEMANA 2 já inserida !


Fernanda - Direito do Consumidor

03/03/2021 10:46:35 - INFO - SEMANA 2 já inserida !


Camila - Métodos Consensuais de Solução dos Conflitos

03/03/2021 10:46:41 - INFO - SEMANA 2 já inserida !


João Aragão - Direito Eleitoral e Partidário

03/03/2021 10:46:44 - INFO - SEMANA 2 já inserida !


Sirlei - Direito Cibernético

03/03/2021 10:46:47 - INFO - SEMANA 2 já inserida !


Viviane - Língua Brasileira dos Sinais - LIBRAS

03/03/2021 10:46:50 - INFO - SEMANA 2 já inserida !


Eugênio - Direito Notarial e Registral

03/03/2021 10:46:53 - WARNING - Videos indisponiveis !


Veras - Direito Previdenciário

03/03/2021 10:46:57 - INFO - SEMANA 2 já inserida !


Olivia - Prática Jurídica II (Penal)

03/03/2021 10:47:02 - INFO - SEMANA 2 já inserida !


Olivia - Prática Jurídica II (Trabalho)

03/03/2021 10:47:06 - INFO - SEMANA 2 já inserida !


Veras - Prática Jurídica III (Trabalho)

03/03/2021 10:47:10 - INFO - SEMANA 2 já inserida !


Maria Christina - Prática Jurídica III (Tributário)

03/03/2021 10:47:14 - INFO - SEMANA 2 já inserida !


Arthur - Prática Jurídica III (Civil)

03/03/2021 10:47:17 - INFO - SEMANA 2 já inserida !


Maria Christina - Prática Jurídica IV (Tributário)

03/03/2021 10:47:21 - INFO - SEMANA 2 já inserida !


Veras - Prática Jurídica IV (Trabalho)

03/03/2021 10:47:26 - INFO - SEMANA 2 já inserida !


Olivia - Prática Jurídica IV (Penal)

03/03/2021 10:47:31 - INFO - SEMANA 2 já inserida !


Ana Carolina - Prática Jurídica IV (Civil)

03/03/2021 10:47:35 - INFO - SEMANA 2 já inserida !
