

Paula - Direito da Criança e do Adolescente

12/03/2021 13:39:34 - INFO - Video: Principios do ECA inserido
12/03/2021 13:39:38 - INFO - Video: Principios do ECA II inserido
12/03/2021 13:39:42 - INFO - Video: Princípios do ECA III inserido


Thiago - Direito Processual Civil III

12/03/2021 13:40:05 - INFO - Video: Efeitos Recursais 1 inserido
12/03/2021 13:40:16 - INFO - Video: Efeitos Recursais 2 inserido
12/03/2021 13:40:21 - INFO - Video: Efeitos Recursais 3 inserido
12/03/2021 13:40:27 - INFO - Video: Apelação inserido


Juliana Porto - Direito Processual Penal I

12/03/2021 13:40:41 - INFO - Video: Inquérito Policial inserido
12/03/2021 13:40:46 - INFO - Video: Inquérito Policial II inserido
12/03/2021 13:40:51 - INFO - Video: Inquérito Policial III inserido


Luís Claudio - Direito do Trabalho I

12/03/2021 13:41:15 - INFO - Video: Relação de emprego x Relação de trabalho. Princípios e fontes do Direito do Trabalho inserido
12/03/2021 13:41:23 - INFO - Video: Relação de emprego x Relação de trabalho. Princípios e fontes do Direito do Trabalho II inserido
12/03/2021 13:41:32 - INFO - Video: Relação de emprego x Relação de trabalho. Princípios e fontes do Direito do Trabalho III inserido
12/03/2021 13:41:40 - INFO - Video: Relação de emprego x Relação de trabalho. Princípios e fontes do Direito do Trabalho IV inserido
12/03/2021 13:41:49 - INFO - Video: Relação de emprego x Relação de trabalho. Princípios e fontes do Direito do Trabalho V inserido
12/03/2021 13:41:58 - INFO - Video: Relação de emprego x Relação de trabalho. Princípios e fontes do Direito do Trabalho VI inserido
12/03/2021 13:42:07 - INFO - Video: Relação de emprego x Relação de trabalho. Princípios e fontes do Direito do Trabalho VII inserido


Raquel - Direito Civil VI (Família)

12/03/2021 13:42:07 - WARNING - Videos indisponiveis !


Wagno - Direito Processual Penal II

12/03/2021 13:42:23 - INFO - Video: Procedimento sumário inserido
12/03/2021 13:42:29 - INFO - Video: Procedimento sumaríssimo inserido
12/03/2021 13:42:35 - INFO - Video: Procedimento Especial dos Crimes Praticados por Funcionários Públicos contra a Administração Pública inserido
12/03/2021 13:42:42 - INFO - Video: Procedimento Especial dos Crimes contra a Honra inserido
12/03/2021 13:42:51 - INFO - Video: Procedimento Especial dos Crimes contra a Propriedade Imaterial inserido
12/03/2021 13:42:58 - INFO - Video: Procedimento Especial dos Crimes de Tráfico de Entorpecentes inserido


Benigna - Direito Processual Civil IV

12/03/2021 13:43:15 - INFO - Video: Consignação em Pagamento inserido
12/03/2021 13:43:21 - INFO - Video: Consignação em Pagamento II inserido
12/03/2021 13:43:27 - INFO - Video: Consignação em Pagamento III inserido


Fernanda - Direito do Trabalho II

12/03/2021 13:43:42 - INFO - Video: Estabilidade Acidentária inserido
12/03/2021 13:43:48 - INFO - Video: Estabilidade do Diretor de Cooperativa inserido
12/03/2021 13:43:54 - INFO - Video: Estabilidade Provisória - CCP e do Representante dos Empregados na Empresa inserido


Daniel - Prática Jurídica I (Civil)

12/03/2021 13:44:10 - INFO - Video: PA 01 - Tício x Nício inserido
12/03/2021 13:44:15 - INFO - Video: PA 01 - Tício x Nício II inserido
12/03/2021 13:44:21 - INFO - Video: PA 01 - Tício x Nício III inserido
12/03/2021 13:44:27 - INFO - Video: PA 01 - Tício x Nício IV inserido


Jonas - Trabalho de Curso I

12/03/2021 13:44:42 - INFO - Video: Revisão de Literatura inserido
12/03/2021 13:44:49 - INFO - Video: Revisão de Literatura II inserido
12/03/2021 13:44:55 - INFO - Video: Exemplo de Revisão de Literatura (Desenvolvimento do Trabalho) inserido
12/03/2021 13:45:01 - INFO - Video: Técnicas de paráfrase, referenciação e referências inserido
12/03/2021 13:45:07 - INFO - Video: Técnicas de paráfrases, referenciação e referências II inserido
12/03/2021 13:45:14 - INFO - Video: Técnicas de paráfrases, referenciação e referências III inserido


Raquel - Direito Civil VII (Sucessões)

12/03/2021 13:45:28 - INFO - Video: SUCESSÃO LEGÍTIMA inserido
12/03/2021 13:45:33 - INFO - Video: SUCESSÃO LEGÍTIMA II inserido
12/03/2021 13:45:39 - INFO - Video: SUCESSÃO LEGÍTIMA III inserido
12/03/2021 13:45:44 - INFO - Video: SUCESSÃO LEGÍTIMA IV inserido
12/03/2021 13:45:51 - INFO - Video: SUCESSÃO LEGÍTIMA V inserido


Marco Aurélio - Direito Processual do Trabalho

12/03/2021 13:46:09 - INFO - Video: CCP inserido
12/03/2021 13:46:15 - INFO - Video: Competência inserido
12/03/2021 13:46:20 - INFO - Video: Do Processo em Geral inserido
12/03/2021 13:46:26 - INFO - Video: Do Processo em Geral II inserido


Maria Christina - Direito Tributário I

12/03/2021 13:46:34 - WARNING - Maria Christina - Direito Tributário I - VIDEO 1 sem tema
12/03/2021 13:46:40 - INFO - Video: VIDEO 1 inserido
12/03/2021 13:46:40 - WARNING - Maria Christina - Direito Tributário I - VIDEO 2 sem tema
12/03/2021 13:46:45 - INFO - Video: VIDEO 2 inserido
12/03/2021 13:46:45 - WARNING - Maria Christina - Direito Tributário I - VIDEO 3 sem tema
12/03/2021 13:46:50 - INFO - Video: VIDEO 3 inserido


Fernanda - Direito do Trabalho III

12/03/2021 13:47:06 - INFO - Video: Convenção 87 da OIT inserido
12/03/2021 13:47:13 - INFO - Video: Unicidade Sindical inserido
12/03/2021 13:47:19 - INFO - Video: Autonomia Sindical inserido


Jonas - Trabalho de Curso II

12/03/2021 13:47:39 - INFO - Video: Revisão de Literatura inserido
12/03/2021 13:47:44 - INFO - Video: Revisão de Literatura II inserido
12/03/2021 13:47:49 - INFO - Video: Exemplo de Revisão de Literatura (Desenvolvimento do Trabalho) inserido
12/03/2021 13:47:56 - INFO - Video: Técnicas de paráfrase, referenciação e referências inserido
12/03/2021 13:48:02 - INFO - Video: Técnicas de paráfrase, referenciação e referências II inserido
12/03/2021 13:48:08 - INFO - Video: Técnicas de paráfrase, referenciação e referências III inserido


Maria Christina - Direito Tributário II

12/03/2021 13:48:17 - WARNING - Maria Christina - Direito Tributário II - VIDEO 1 sem tema
12/03/2021 13:48:23 - INFO - Video: VIDEO 1 inserido
12/03/2021 13:48:23 - WARNING - Maria Christina - Direito Tributário II - VIDEO 2 sem tema
12/03/2021 13:48:28 - INFO - Video: VIDEO 2 inserido
12/03/2021 13:48:28 - WARNING - Maria Christina - Direito Tributário II - VIDEO 3 sem tema
12/03/2021 13:48:33 - INFO - Video: VIDEO 3 inserido


Arthur - Direito Ambiental

12/03/2021 13:48:45 - INFO - Video: Documentário sobre o lixo inserido
12/03/2021 13:48:49 - INFO - Video: Documentário sobre o lixo II inserido
12/03/2021 13:48:54 - INFO - Video: Documentário sobre o lixo III inserido


Luiza - Direito Internacional

12/03/2021 13:49:09 - INFO - Video: Sujeitos do Direito Internacional inserido
12/03/2021 13:49:14 - INFO - Video: Sujeitos do Direito Internacional II inserido
12/03/2021 13:49:20 - INFO - Video: Sujeitos do Direito Internacional III inserido
12/03/2021 13:49:26 - INFO - Video: Sujeitos do Direito Internacional IV inserido


Noêmia - Direito Processual Constitucional

12/03/2021 13:49:37 - INFO - Video: AULA SOBRE HERMENÊUTICA E INTEPRETAÇÃO inserido
12/03/2021 13:49:41 - INFO - Video: AULA DE ANÁLISE DA ADPF 132/STF inserido


Sérgio - Ética Geral e Profissional

12/03/2021 13:49:54 - INFO - Video: Inscrição na OAB inserido
12/03/2021 13:49:59 - INFO - Video: Inscrição na OAB II inserido
12/03/2021 13:50:03 - INFO - Video: Inscrição na OAB III inserido


Fernanda - Direito do Consumidor

12/03/2021 13:50:23 - INFO - Video: Jurídica de Consumo inserido
12/03/2021 13:50:30 - INFO - Video: Jurídica de Consumo 2 inserido
12/03/2021 13:50:37 - INFO - Video: Jurídica de Consumo 3 inserido
12/03/2021 13:50:44 - INFO - Video: Relação Jurídica de Consumo 4 inserido
12/03/2021 13:50:52 - INFO - Video: Relação Jurídica de Consumo 5 inserido
12/03/2021 13:51:00 - INFO - Video: Resolução de questões inserido


Camila - Métodos Consensuais de Solução dos Conflitos

12/03/2021 13:51:09 - WARNING - Camila - Métodos Consensuais de Solução dos Conflitos - VIDEO 1 sem tema
12/03/2021 13:51:14 - INFO - Video: VIDEO 1 inserido
12/03/2021 13:51:14 - WARNING - Camila - Métodos Consensuais de Solução dos Conflitos - VIDEO 2 sem tema
12/03/2021 13:51:19 - INFO - Video: VIDEO 2 inserido


João Aragão - Direito Eleitoral e Partidário

12/03/2021 13:51:26 - WARNING - João Aragão - Direito Eleitoral e Partidário - VIDEO 1 sem tema
12/03/2021 13:51:29 - INFO - Video: VIDEO 1 inserido
12/03/2021 13:51:29 - WARNING - João Aragão - Direito Eleitoral e Partidário - VIDEO 2 sem tema
12/03/2021 13:51:33 - INFO - Video: VIDEO 2 inserido
12/03/2021 13:51:33 - WARNING - João Aragão - Direito Eleitoral e Partidário - VIDEO 3 sem tema
12/03/2021 13:51:39 - INFO - Video: VIDEO 3 inserido


Sirlei - Direito Cibernético

12/03/2021 13:51:45 - WARNING - Sirlei - Direito Cibernético - VIDEO 1 sem tema
12/03/2021 13:51:48 - INFO - Video: VIDEO 1 inserido


Viviane - Língua Brasileira dos Sinais - LIBRAS

12/03/2021 13:51:48 - WARNING - Videos indisponiveis !


Eugênio - Direito Notarial e Registral

12/03/2021 13:51:48 - WARNING - Videos indisponiveis !


Veras - Direito Previdenciário

12/03/2021 13:51:48 - WARNING - Videos indisponiveis !


Olivia - Prática Jurídica II (Penal)

12/03/2021 13:52:03 - INFO - Video: Queixa-crime parte 1 inserido
12/03/2021 13:52:09 - INFO - Video: Queixa-crime parte 2 inserido
12/03/2021 13:52:15 - INFO - Video: Queixa-crime parte 3 inserido


Olivia - Prática Jurídica II (Trabalho)

12/03/2021 13:52:25 - WARNING - Olivia - Prática Jurídica II (Trabalho) - VIDEO 1 sem tema
12/03/2021 13:52:31 - INFO - Video: VIDEO 1 inserido
12/03/2021 13:52:31 - WARNING - Olivia - Prática Jurídica II (Trabalho) - VIDEO 2 sem tema
12/03/2021 13:52:36 - INFO - Video: VIDEO 2 inserido
12/03/2021 13:52:36 - WARNING - Olivia - Prática Jurídica II (Trabalho) - VIDEO 3 sem tema
12/03/2021 13:52:41 - INFO - Video: VIDEO 3 inserido


Veras - Prática Jurídica III (Trabalho)

12/03/2021 13:52:51 - WARNING - Veras - Prática Jurídica III (Trabalho) - VIDEO 1 sem tema
12/03/2021 13:52:55 - INFO - Video: VIDEO 1 inserido
12/03/2021 13:53:01 - INFO - Video: Estrutura da Contestação com Reconvenção inserido
12/03/2021 13:53:01 - WARNING - Veras - Prática Jurídica III (Trabalho) - VIDEO 3 sem tema
12/03/2021 13:53:06 - INFO - Video: VIDEO 3 inserido


Maria Christina - Prática Jurídica III (Tributário)

12/03/2021 13:53:15 - WARNING - Maria Christina - Prática Jurídica III (Tributário) - VIDEO 1 sem tema
12/03/2021 13:53:21 - INFO - Video: VIDEO 1 inserido
12/03/2021 13:53:21 - WARNING - Maria Christina - Prática Jurídica III (Tributário) - VIDEO 2 sem tema
12/03/2021 13:53:28 - INFO - Video: VIDEO 2 inserido
12/03/2021 13:53:28 - WARNING - Maria Christina - Prática Jurídica III (Tributário) - VIDEO 3 sem tema
12/03/2021 13:53:34 - INFO - Video: VIDEO 3 inserido
12/03/2021 13:53:34 - WARNING - Maria Christina - Prática Jurídica III (Tributário) - VIDEO 4 sem tema
12/03/2021 13:53:39 - INFO - Video: VIDEO 4 inserido


Arthur - Prática Jurídica III (Civil)

12/03/2021 13:53:49 - INFO - Video: Autos findos inserido


Maria Christina - Prática Jurídica IV (Tributário)

12/03/2021 13:53:58 - WARNING - Maria Christina - Prática Jurídica IV (Tributário) - VIDEO 1 sem tema
12/03/2021 13:54:04 - INFO - Video: VIDEO 1 inserido
12/03/2021 13:54:04 - WARNING - Maria Christina - Prática Jurídica IV (Tributário) - VIDEO 2 sem tema
12/03/2021 13:54:09 - INFO - Video: VIDEO 2 inserido
12/03/2021 13:54:09 - WARNING - Maria Christina - Prática Jurídica IV (Tributário) - VIDEO 3 sem tema
12/03/2021 13:54:15 - INFO - Video: VIDEO 3 inserido
12/03/2021 13:54:15 - WARNING - Maria Christina - Prática Jurídica IV (Tributário) - VIDEO 4 sem tema
12/03/2021 13:54:20 - INFO - Video: VIDEO 4 inserido


Veras - Prática Jurídica IV (Trabalho)

12/03/2021 13:54:26 - WARNING - Veras - Prática Jurídica IV (Trabalho) - VIDEO 1 sem tema


Veras - Prática Jurídica III (Trabalho)

12/03/2021 13:59:24 - INFO - SEMANA 4 já inserida !


Olivia - Prática Jurídica IV (Penal)

12/03/2021 14:06:46 - INFO - Video: Recurso Extraordinário parte 1 inserido
12/03/2021 14:06:52 - INFO - Video: Recurso Extraordinário parte 2 inserido
12/03/2021 14:06:57 - INFO - Video: Recurso Extraordinário parte 3 inserido


Ana Carolina - Prática Jurídica IV (Civil)

12/03/2021 14:12:13 - WARNING - Videos indisponiveis !
